Search: ang
Found: 0 res, 0 prop
Search: ange
Found: 0 res, 0 prop
Search: angel
Found: 0 res, 0 prop
Search: angelo
Found: 0 res, 0 prop
Search: angel
Found: 0 res, 0 prop
Search: ange
Found: 0 res, 0 prop
Search: ang
Found: 0 res, 0 prop
Search: ANG
Found: 0 res, 0 prop
Search: ANGE
Found: 0 res, 0 prop
Search: ANGEL
Found: 0 res, 0 prop
Search: ANGELO
Found: 0 res, 0 prop
DB Total: 121, Search: Ang
Found: 0 res, 0 prop
DB Total: 121, Search: Ange
Found: 0 res, 0 prop
DB Total: 121, Search: Angel
Found: 0 res, 0 prop
DB Total: 121, Search: Angelo
Found: 0 res, 0 prop
DB Total: 121, Search: Angel
Found: 0 res, 0 prop
DB Total: 121, Search: Ange
Found: 0 res, 0 prop
DB Total: 121, Search: Ang
Found: 0 res, 0 prop
DB Total: 121, Search: ANG
Found: 0 res, 0 prop
DB Total: 121, Search: ANGE
Found: 0 res, 0 prop
DB Total: 121, Search: ANGEL
Found: 0 res, 0 prop
DB Total: 121, Search: ANGELO
Found: 0 res, 0 prop
--- START SEARCH: "Ang" (DB Total: 121) ---
DB Sample Names: La Toscana, La Madrileña, Casa Surei Bodegon de Pizzas, Pizza House, Ay Caramba!, Donny, Mastropizza, Pizzeria Nino, Pizza y Pasta I Fratelli Envios A Domicilio, Pizzeria Los Camba II, Pizzeria Cosa Nostra, Pizzeria Don Basilio, Fortunata's Pizzería, Pizzeria los Cambá, Pizzeria Napoles, Massa Mia, El Candil, Tomasso, Los Especialistas Yrigoyen, El Caserito
--- END SEARCH: Found 0 res, 0 prop ---
--- START SEARCH: "Ange" (DB Total: 121) ---
DB Sample Names: La Toscana, La Madrileña, Casa Surei Bodegon de Pizzas, Pizza House, Ay Caramba!, Donny, Mastropizza, Pizzeria Nino, Pizza y Pasta I Fratelli Envios A Domicilio, Pizzeria Los Camba II, Pizzeria Cosa Nostra, Pizzeria Don Basilio, Fortunata's Pizzería, Pizzeria los Cambá, Pizzeria Napoles, Massa Mia, El Candil, Tomasso, Los Especialistas Yrigoyen, El Caserito
--- END SEARCH: Found 0 res, 0 prop ---
--- START SEARCH: "Angel" (DB Total: 121) ---
DB Sample Names: La Toscana, La Madrileña, Casa Surei Bodegon de Pizzas, Pizza House, Ay Caramba!, Donny, Mastropizza, Pizzeria Nino, Pizza y Pasta I Fratelli Envios A Domicilio, Pizzeria Los Camba II, Pizzeria Cosa Nostra, Pizzeria Don Basilio, Fortunata's Pizzería, Pizzeria los Cambá, Pizzeria Napoles, Massa Mia, El Candil, Tomasso, Los Especialistas Yrigoyen, El Caserito
--- END SEARCH: Found 0 res, 0 prop ---
--- START SEARCH: "Angelo" (DB Total: 121) ---
DB Sample Names: La Toscana, La Madrileña, Casa Surei Bodegon de Pizzas, Pizza House, Ay Caramba!, Donny, Mastropizza, Pizzeria Nino, Pizza y Pasta I Fratelli Envios A Domicilio, Pizzeria Los Camba II, Pizzeria Cosa Nostra, Pizzeria Don Basilio, Fortunata's Pizzería, Pizzeria los Cambá, Pizzeria Napoles, Massa Mia, El Candil, Tomasso, Los Especialistas Yrigoyen, El Caserito
--- END SEARCH: Found 0 res, 0 prop ---

[2026-02-24T02:16:15.647Z] SEARCHING: "Tos"
Fetching restaurants independently...
Restaurants found: 4
Fetching properties independently...
Properties found: 0

[2026-02-24T02:16:16.147Z] SEARCHING: "Tosc"
Fetching restaurants independently...
Restaurants found: 1
Fetching properties independently...
Properties found: 0

[2026-02-24T02:16:16.630Z] SEARCHING: "Tosca"
Fetching restaurants independently...
Restaurants found: 1
Fetching properties independently...
Properties found: 0

[2026-02-24T02:16:17.123Z] SEARCHING: "Toscan"
Fetching restaurants independently...
Restaurants found: 1
Fetching properties independently...
Properties found: 0

[2026-02-24T02:16:17.602Z] SEARCHING: "Toscana"
Fetching restaurants independently...
Restaurants found: 1
Fetching properties independently...
Properties found: 0

[2026-02-24T02:16:35.189Z] SEARCHING: "Toscan"
Fetching restaurants independently...
Restaurants found: 1
Fetching properties independently...
Properties found: 0

[2026-02-24T02:16:35.697Z] SEARCHING: "Tosca"
Fetching restaurants independently...
Restaurants found: 1
Fetching properties independently...
Properties found: 0

[2026-02-24T02:16:36.182Z] SEARCHING: "Tosc"
Fetching restaurants independently...
Restaurants found: 1
Fetching properties independently...
Properties found: 0

[2026-02-24T02:16:36.667Z] SEARCHING: "Tos"
Fetching restaurants independently...
Restaurants found: 4
Fetching properties independently...
Properties found: 0

[2026-02-24T02:16:37.149Z] SEARCHING: "Leo"
Fetching restaurants independently...
Restaurants found: 1
Fetching properties independently...
Properties found: 0

[2026-02-24T02:16:37.632Z] SEARCHING: "Leon"
Fetching restaurants independently...
Restaurants found: 1
Fetching properties independently...
Properties found: 0

[2026-02-24T02:16:38.114Z] SEARCHING: "Leono"
Fetching restaurants independently...
Restaurants found: 1
Fetching properties independently...
Properties found: 0

[2026-02-24T02:16:38.601Z] SEARCHING: "Leonor"
Fetching restaurants independently...
Restaurants found: 1
Fetching properties independently...
Properties found: 0
